<?xml version="1.0" encoding="UTF-8"?><testrun name="RunnerTest" project="SuperdrugTest" tests="1" started="1" failures="0" errors="1" ignored="0">
  <testsuite name="runners.RunnerTest" time="0.001">
    <testcase name="initializationError" classname="runners.RunnerTest" time="0.001">
      <error>gherkin.TagExpression$BadTagException: Bad tag: "test2"&#13;
	at gherkin.TagExpression$TagExp.&lt;init&gt;(TagExpression.java:122)&#13;
	at gherkin.TagExpression.add(TagExpression.java:57)&#13;
	at gherkin.TagExpression.&lt;init&gt;(TagExpression.java:17)&#13;
	at gherkin.formatter.TagFilter.&lt;init&gt;(TagFilter.java:14)&#13;
	at gherkin.formatter.FilterFormatter.detectFilter(FilterFormatter.java:64)&#13;
	at gherkin.formatter.FilterFormatter.&lt;init&gt;(FilterFormatter.java:41)&#13;
	at cucumber.runtime.FeatureBuilder.parse(FeatureBuilder.java:126)&#13;
	at cucumber.runtime.model.CucumberFeature.loadFromFeaturePath(CucumberFeature.java:104)&#13;
	at cucumber.runtime.model.CucumberFeature.load(CucumberFeature.java:54)&#13;
	at cucumber.runtime.model.CucumberFeature.load(CucumberFeature.java:34)&#13;
	at cucumber.runtime.RuntimeOptions.cucumberFeatures(RuntimeOptions.java:239)&#13;
	at cucumber.api.junit.Cucumber.&lt;init&gt;(Cucumber.java:62)&#13;
	at java.base/jdk.internal.reflect.NativeConstructorAccessorImpl.newInstance0(Native Method)&#13;
	at java.base/jdk.internal.reflect.NativeConstructorAccessorImpl.newInstance(NativeConstructorAccessorImpl.java:62)&#13;
	at java.base/jdk.internal.reflect.DelegatingConstructorAccessorImpl.newInstance(DelegatingConstructorAccessorImpl.java:45)&#13;
	at java.base/java.lang.reflect.Constructor.newInstance(Constructor.java:490)&#13;
	at org.junit.internal.builders.AnnotatedBuilder.buildRunner(AnnotatedBuilder.java:104)&#13;
	at org.junit.internal.builders.AnnotatedBuilder.runnerForClass(AnnotatedBuilder.java:86)&#13;
	at org.junit.runners.model.RunnerBuilder.safeRunnerForClass(RunnerBuilder.java:70)&#13;
	at org.junit.internal.builders.AllDefaultPossibilitiesBuilder.runnerForClass(AllDefaultPossibilitiesBuilder.java:37)&#13;
	at org.junit.runners.model.RunnerBuilder.safeRunnerForClass(RunnerBuilder.java:70)&#13;
	at org.junit.internal.requests.ClassRequest.createRunner(ClassRequest.java:28)&#13;
	at org.junit.internal.requests.MemoizingRequest.getRunner(MemoizingRequest.java:19)&#13;
	at org.eclipse.jdt.internal.junit4.runner.JUnit4TestLoader.createUnfilteredTest(JUnit4TestLoader.java:90)&#13;
	at org.eclipse.jdt.internal.junit4.runner.JUnit4TestLoader.createTest(JUnit4TestLoader.java:76)&#13;
	at org.eclipse.jdt.internal.junit4.runner.JUnit4TestLoader.loadTests(JUnit4TestLoader.java:49)&#13;
	at org.eclipse.jdt.internal.junit.runner.RemoteTestRunner.runTests(RemoteTestRunner.java:525)&#13;
	at org.eclipse.jdt.internal.junit.runner.RemoteTestRunner.runTests(RemoteTestRunner.java:768)&#13;
	at org.eclipse.jdt.internal.junit.runner.RemoteTestRunner.run(RemoteTestRunner.java:464)&#13;
	at org.eclipse.jdt.internal.junit.runner.RemoteTestRunner.main(RemoteTestRunner.java:210)&#13;
&#13;
</error>
    </testcase>
  </testsuite>
</testrun>
